{
  "stats": {
    "suites": 0,
    "tests": 0,
    "passes": 0,
    "pending": 0,
    "failures": 0,
    "start": "2023-06-09T08:47:33.237Z",
    "end": "2023-06-09T08:47:33.251Z",
    "duration": 14,
    "testsRegistered": 4,
    "passPercent": 0,
    "pendingPercent": 0,
    "other": 1,
    "hasOther": true,
    "skipped": 4,
    "hasSkipped": true
  },
  "results": [
    {
      "uuid": "5f4df2f3-665a-455d-96b5-aa565aa7323c",
      "title": "",
      "fullFile": "C:\\Users\\Laptop\\Desktop\\backend\\test\\application.test.js",
      "file": "\\test\\application.test.js",
      "beforeHooks": [],
      "afterHooks": [],
      "tests": [],
      "suites": [
        {
          "uuid": "b80eca46-71ee-40b0-a935-11f20cafe833",
          "title": "api requests",
          "fullFile": "C:\\Users\\Laptop\\Desktop\\backend\\test\\application.test.js",
          "file": "\\test\\application.test.js",
          "beforeHooks": [],
          "afterHooks": [],
          "tests": [
            {
              "title": "get loans",
              "fullTitle": "api requests get loans",
              "timedOut": false,
              "duration": 0,
              "state": null,
              "speed": null,
              "pass": false,
              "fail": false,
              "pending": false,
              "context": null,
              "code": "chai.request(app)\n  .get('/loan/types')\n  .end((err,res)=>{\n    expect(err).to.be.null;\n    expect(res).to.have.status(200);\n    done();\n  })",
              "err": {},
              "uuid": "f7b3f91d-87bd-428f-b4ba-412e1bf673b4",
              "parentUUID": null,
              "isHook": false,
              "skipped": true
            },
            {
              "title": "get loan banks",
              "fullTitle": "api requests get loan banks",
              "timedOut": false,
              "duration": 0,
              "state": null,
              "speed": null,
              "pass": false,
              "fail": false,
              "pending": false,
              "context": null,
              "code": "chai.request(app)\n  .get('/loan/types/2/banks')\n  .end((err,res)=>{\n    expect(err).to.be.null;\n    expect(res).to.have.status(200);\n    done();\n  })",
              "err": {},
              "uuid": "728ba5a1-53e2-44cb-b7a3-0affa2f3aa06",
              "parentUUID": null,
              "isHook": false,
              "skipped": true
            },
            {
              "title": "should submit a loan application",
              "fullTitle": "api requests should submit a loan application",
              "timedOut": false,
              "duration": 0,
              "state": null,
              "speed": null,
              "pass": false,
              "fail": false,
              "pending": false,
              "context": null,
              "code": "const typeId = '2';\nconst bankId = '3';\nconst token = 'eyJhbGciOiJIUzI1NiIsInR5cCI6IkpXVCJ9.eyJ1c2VySWQiOjYsImlhdCI6MTY4NjIxNzM0Mn0.-aZD0hqY9HU-upi6bBxmCTBt6rPtkBOcKhUDhdj2Dgg';\nconst applicationData = {\n  amount: 5000,\n  interestRate: 5,\n  applicationName: \"Surya\",\n  applicationGovId: \"ABCD1234\",\n  duration: 12\n};\nchai\n  .request(app)\n  .post(`/loan/types/${typeId}/banks/${bankId}/application`)\n  .set('Authorization', `Bearer ${token}`)\n  .send(applicationData)\n  .end((err, res) => {\n    expect(err).to.be.null;\n    expect(res).to.have.status(200);\n    expect(res.body).to.have.property('application');\n    done();\n  });",
              "err": {},
              "uuid": "af7cb2c7-7837-426e-af47-1a618bff4811",
              "parentUUID": null,
              "isHook": false,
              "skipped": true
            },
            {
              "title": "web hook ",
              "fullTitle": "api requests web hook ",
              "timedOut": false,
              "duration": 0,
              "state": null,
              "speed": null,
              "pass": false,
              "fail": false,
              "pending": false,
              "context": null,
              "code": "const applicationData={\n  applicationId : 46,\n  status : \"Approved\"\n}\nchai\n  .request(app)\n  .post(\"/webhook\")\n  .send(applicationData)\n  .end((err, res) => {\n    expect(err).to.be.null;\n    expect(res).to.have.status(200);\n    done();\n  });",
              "err": {},
              "uuid": "6baab06c-070d-4e76-9533-85790b09ce1c",
              "parentUUID": null,
              "isHook": false,
              "skipped": true
            }
          ],
          "suites": [],
          "passes": [],
          "failures": [],
          "pending": [],
          "skipped": [
            "f7b3f91d-87bd-428f-b4ba-412e1bf673b4",
            "728ba5a1-53e2-44cb-b7a3-0affa2f3aa06",
            "af7cb2c7-7837-426e-af47-1a618bff4811",
            "6baab06c-070d-4e76-9533-85790b09ce1c"
          ],
          "duration": 0,
          "root": false,
          "rootEmpty": false,
          "_timeout": 2000
        }
      ],
      "passes": [],
      "failures": [],
      "pending": [],
      "skipped": [],
      "duration": 0,
      "root": true,
      "rootEmpty": true,
      "_timeout": 2000
    }
  ],
  "meta": {
    "mocha": {
      "version": "10.2.0"
    },
    "mochawesome": {
      "options": {
        "quiet": false,
        "reportFilename": "mochawesome",
        "saveHtml": true,
        "saveJson": true,
        "consoleReporter": "spec",
        "useInlineDiffs": false,
        "code": true
      },
      "version": "7.1.3"
    },
    "marge": {
      "options": null,
      "version": "6.2.0"
    }
  }
}